<?xml version="1.0" encoding="UTF-8"?>
<testsuite xmlns:xsi="http://www.w3.org/2001/XMLSchema-instance" xsi:noNamespaceSchemaLocation="https://maven.apache.org/surefire/maven-surefire-plugin/xsd/surefire-test-report.xsd" name="TestRunner" time="508.791" tests="16" errors="8" skipped="8" failures="0">
  <properties>
    <property name="sun.desktop" value="gnome"/>
    <property name="awt.toolkit" value="sun.awt.X11.XToolkit"/>
    <property name="java.specification.version" value="11"/>
    <property name="sun.cpu.isalist" value=""/>
    <property name="sun.jnu.encoding" value="UTF-8"/>
    <property name="java.class.path" value="/var/www/html/accenture-pageobjct/target/test-classes:/var/www/html/accenture-pageobjct/target/classes:/home/ingrid/.m2/repository/info/cukes/cucumber-java/1.2.5/cucumber-java-1.2.5.jar:/home/ingrid/.m2/repository/info/cukes/cucumber-core/1.2.5/cucumber-core-1.2.5.jar:/home/ingrid/.m2/repository/info/cukes/cucumber-html/0.2.3/cucumber-html-0.2.3.jar:/home/ingrid/.m2/repository/info/cukes/cucumber-jvm-deps/1.0.5/cucumber-jvm-deps-1.0.5.jar:/home/ingrid/.m2/repository/info/cukes/gherkin/2.12.2/gherkin-2.12.2.jar:/home/ingrid/.m2/repository/info/cukes/cucumber-junit/1.2.5/cucumber-junit-1.2.5.jar:/home/ingrid/.m2/repository/junit/junit/4.13.1/junit-4.13.1.jar:/home/ingrid/.m2/repository/org/hamcrest/hamcrest-core/1.3/hamcrest-core-1.3.jar:/home/ingrid/.m2/repository/org/seleniumhq/selenium/selenium-java/3.141.59/selenium-java-3.141.59.jar:/home/ingrid/.m2/repository/org/seleniumhq/selenium/selenium-api/3.141.59/selenium-api-3.141.59.jar:/home/ingrid/.m2/repository/org/seleniumhq/selenium/selenium-chrome-driver/3.141.59/selenium-chrome-driver-3.141.59.jar:/home/ingrid/.m2/repository/org/seleniumhq/selenium/selenium-edge-driver/3.141.59/selenium-edge-driver-3.141.59.jar:/home/ingrid/.m2/repository/org/seleniumhq/selenium/selenium-firefox-driver/3.141.59/selenium-firefox-driver-3.141.59.jar:/home/ingrid/.m2/repository/org/seleniumhq/selenium/selenium-ie-driver/3.141.59/selenium-ie-driver-3.141.59.jar:/home/ingrid/.m2/repository/org/seleniumhq/selenium/selenium-opera-driver/3.141.59/selenium-opera-driver-3.141.59.jar:/home/ingrid/.m2/repository/org/seleniumhq/selenium/selenium-remote-driver/3.141.59/selenium-remote-driver-3.141.59.jar:/home/ingrid/.m2/repository/org/seleniumhq/selenium/selenium-safari-driver/3.141.59/selenium-safari-driver-3.141.59.jar:/home/ingrid/.m2/repository/org/seleniumhq/selenium/selenium-support/3.141.59/selenium-support-3.141.59.jar:/home/ingrid/.m2/repository/net/bytebuddy/byte-buddy/1.8.15/byte-buddy-1.8.15.jar:/home/ingrid/.m2/repository/org/apache/commons/commons-exec/1.3/commons-exec-1.3.jar:/home/ingrid/.m2/repository/com/google/guava/guava/25.0-jre/guava-25.0-jre.jar:/home/ingrid/.m2/repository/com/google/code/findbugs/jsr305/1.3.9/jsr305-1.3.9.jar:/home/ingrid/.m2/repository/org/checkerframework/checker-compat-qual/2.0.0/checker-compat-qual-2.0.0.jar:/home/ingrid/.m2/repository/com/google/errorprone/error_prone_annotations/2.1.3/error_prone_annotations-2.1.3.jar:/home/ingrid/.m2/repository/com/google/j2objc/j2objc-annotations/1.1/j2objc-annotations-1.1.jar:/home/ingrid/.m2/repository/org/codehaus/mojo/animal-sniffer-annotations/1.14/animal-sniffer-annotations-1.14.jar:/home/ingrid/.m2/repository/com/squareup/okhttp3/okhttp/3.11.0/okhttp-3.11.0.jar:/home/ingrid/.m2/repository/com/squareup/okio/okio/1.14.0/okio-1.14.0.jar:/home/ingrid/.m2/repository/io/github/bonigarcia/webdrivermanager/3.6.0/webdrivermanager-3.6.0.jar:/home/ingrid/.m2/repository/commons-io/commons-io/2.6/commons-io-2.6.jar:/home/ingrid/.m2/repository/com/google/code/gson/gson/2.8.5/gson-2.8.5.jar:/home/ingrid/.m2/repository/org/apache/commons/commons-lang3/3.8.1/commons-lang3-3.8.1.jar:/home/ingrid/.m2/repository/org/apache/httpcomponents/httpclient/4.5.6/httpclient-4.5.6.jar:/home/ingrid/.m2/repository/org/apache/httpcomponents/httpcore/4.4.10/httpcore-4.4.10.jar:/home/ingrid/.m2/repository/commons-logging/commons-logging/1.2/commons-logging-1.2.jar:/home/ingrid/.m2/repository/commons-codec/commons-codec/1.10/commons-codec-1.10.jar:/home/ingrid/.m2/repository/org/rauschig/jarchivelib/1.0.0/jarchivelib-1.0.0.jar:/home/ingrid/.m2/repository/org/apache/commons/commons-compress/1.18/commons-compress-1.18.jar:/home/ingrid/.m2/repository/org/jsoup/jsoup/1.11.3/jsoup-1.11.3.jar:/home/ingrid/.m2/repository/org/slf4j/slf4j-api/1.7.5/slf4j-api-1.7.5.jar:/home/ingrid/.m2/repository/org/slf4j/slf4j-simple/1.6.4/slf4j-simple-1.6.4.jar:"/>
    <property name="java.vm.vendor" value="Ubuntu"/>
    <property name="sun.arch.data.model" value="64"/>
    <property name="java.vendor.url" value="https://ubuntu.com/"/>
    <property name="user.timezone" value=""/>
    <property name="java.vm.specification.version" value="11"/>
    <property name="os.name" value="Linux"/>
    <property name="sun.java.launcher" value="SUN_STANDARD"/>
    <property name="user.country" value="BR"/>
    <property name="sun.boot.library.path" value="/usr/lib/jvm/java-11-openjdk-amd64/lib"/>
    <property name="sun.java.command" value="/var/www/html/accenture-pageobjct/target/surefire/surefirebooter10879990109080789238.jar /var/www/html/accenture-pageobjct/target/surefire 2021-04-11T21-18-37_252-jvmRun1 surefire2700075026852446594tmp surefire_08061590409890035345tmp"/>
    <property name="jdk.debug" value="release"/>
    <property name="surefire.test.class.path" value="/var/www/html/accenture-pageobjct/target/test-classes:/var/www/html/accenture-pageobjct/target/classes:/home/ingrid/.m2/repository/info/cukes/cucumber-java/1.2.5/cucumber-java-1.2.5.jar:/home/ingrid/.m2/repository/info/cukes/cucumber-core/1.2.5/cucumber-core-1.2.5.jar:/home/ingrid/.m2/repository/info/cukes/cucumber-html/0.2.3/cucumber-html-0.2.3.jar:/home/ingrid/.m2/repository/info/cukes/cucumber-jvm-deps/1.0.5/cucumber-jvm-deps-1.0.5.jar:/home/ingrid/.m2/repository/info/cukes/gherkin/2.12.2/gherkin-2.12.2.jar:/home/ingrid/.m2/repository/info/cukes/cucumber-junit/1.2.5/cucumber-junit-1.2.5.jar:/home/ingrid/.m2/repository/junit/junit/4.13.1/junit-4.13.1.jar:/home/ingrid/.m2/repository/org/hamcrest/hamcrest-core/1.3/hamcrest-core-1.3.jar:/home/ingrid/.m2/repository/org/seleniumhq/selenium/selenium-java/3.141.59/selenium-java-3.141.59.jar:/home/ingrid/.m2/repository/org/seleniumhq/selenium/selenium-api/3.141.59/selenium-api-3.141.59.jar:/home/ingrid/.m2/repository/org/seleniumhq/selenium/selenium-chrome-driver/3.141.59/selenium-chrome-driver-3.141.59.jar:/home/ingrid/.m2/repository/org/seleniumhq/selenium/selenium-edge-driver/3.141.59/selenium-edge-driver-3.141.59.jar:/home/ingrid/.m2/repository/org/seleniumhq/selenium/selenium-firefox-driver/3.141.59/selenium-firefox-driver-3.141.59.jar:/home/ingrid/.m2/repository/org/seleniumhq/selenium/selenium-ie-driver/3.141.59/selenium-ie-driver-3.141.59.jar:/home/ingrid/.m2/repository/org/seleniumhq/selenium/selenium-opera-driver/3.141.59/selenium-opera-driver-3.141.59.jar:/home/ingrid/.m2/repository/org/seleniumhq/selenium/selenium-remote-driver/3.141.59/selenium-remote-driver-3.141.59.jar:/home/ingrid/.m2/repository/org/seleniumhq/selenium/selenium-safari-driver/3.141.59/selenium-safari-driver-3.141.59.jar:/home/ingrid/.m2/repository/org/seleniumhq/selenium/selenium-support/3.141.59/selenium-support-3.141.59.jar:/home/ingrid/.m2/repository/net/bytebuddy/byte-buddy/1.8.15/byte-buddy-1.8.15.jar:/home/ingrid/.m2/repository/org/apache/commons/commons-exec/1.3/commons-exec-1.3.jar:/home/ingrid/.m2/repository/com/google/guava/guava/25.0-jre/guava-25.0-jre.jar:/home/ingrid/.m2/repository/com/google/code/findbugs/jsr305/1.3.9/jsr305-1.3.9.jar:/home/ingrid/.m2/repository/org/checkerframework/checker-compat-qual/2.0.0/checker-compat-qual-2.0.0.jar:/home/ingrid/.m2/repository/com/google/errorprone/error_prone_annotations/2.1.3/error_prone_annotations-2.1.3.jar:/home/ingrid/.m2/repository/com/google/j2objc/j2objc-annotations/1.1/j2objc-annotations-1.1.jar:/home/ingrid/.m2/repository/org/codehaus/mojo/animal-sniffer-annotations/1.14/animal-sniffer-annotations-1.14.jar:/home/ingrid/.m2/repository/com/squareup/okhttp3/okhttp/3.11.0/okhttp-3.11.0.jar:/home/ingrid/.m2/repository/com/squareup/okio/okio/1.14.0/okio-1.14.0.jar:/home/ingrid/.m2/repository/io/github/bonigarcia/webdrivermanager/3.6.0/webdrivermanager-3.6.0.jar:/home/ingrid/.m2/repository/commons-io/commons-io/2.6/commons-io-2.6.jar:/home/ingrid/.m2/repository/com/google/code/gson/gson/2.8.5/gson-2.8.5.jar:/home/ingrid/.m2/repository/org/apache/commons/commons-lang3/3.8.1/commons-lang3-3.8.1.jar:/home/ingrid/.m2/repository/org/apache/httpcomponents/httpclient/4.5.6/httpclient-4.5.6.jar:/home/ingrid/.m2/repository/org/apache/httpcomponents/httpcore/4.4.10/httpcore-4.4.10.jar:/home/ingrid/.m2/repository/commons-logging/commons-logging/1.2/commons-logging-1.2.jar:/home/ingrid/.m2/repository/commons-codec/commons-codec/1.10/commons-codec-1.10.jar:/home/ingrid/.m2/repository/org/rauschig/jarchivelib/1.0.0/jarchivelib-1.0.0.jar:/home/ingrid/.m2/repository/org/apache/commons/commons-compress/1.18/commons-compress-1.18.jar:/home/ingrid/.m2/repository/org/jsoup/jsoup/1.11.3/jsoup-1.11.3.jar:/home/ingrid/.m2/repository/org/slf4j/slf4j-api/1.7.5/slf4j-api-1.7.5.jar:/home/ingrid/.m2/repository/org/slf4j/slf4j-simple/1.6.4/slf4j-simple-1.6.4.jar:"/>
    <property name="sun.cpu.endian" value="little"/>
    <property name="user.home" value="/home/ingrid"/>
    <property name="user.language" value="pt"/>
    <property name="java.specification.vendor" value="Oracle Corporation"/>
    <property name="java.version.date" value="2021-01-19"/>
    <property name="java.home" value="/usr/lib/jvm/java-11-openjdk-amd64"/>
    <property name="file.separator" value="/"/>
    <property name="basedir" value="/var/www/html/accenture-pageobjct"/>
    <property name="java.vm.compressedOopsMode" value="32-bit"/>
    <property name="line.separator" value="&#10;"/>
    <property name="java.specification.name" value="Java Platform API Specification"/>
    <property name="java.vm.specification.vendor" value="Oracle Corporation"/>
    <property name="java.awt.graphicsenv" value="sun.awt.X11GraphicsEnvironment"/>
    <property name="surefire.real.class.path" value="/var/www/html/accenture-pageobjct/target/surefire/surefirebooter10879990109080789238.jar"/>
    <property name="sun.management.compiler" value="HotSpot 64-Bit Tiered Compilers"/>
    <property name="java.runtime.version" value="11.0.10+9-Ubuntu-0ubuntu1.18.04"/>
    <property name="user.name" value="ingrid"/>
    <property name="path.separator" value=":"/>
    <property name="os.version" value="4.15.0-140-generic"/>
    <property name="java.runtime.name" value="OpenJDK Runtime Environment"/>
    <property name="file.encoding" value="UTF-8"/>
    <property name="java.vm.name" value="OpenJDK 64-Bit Server VM"/>
    <property name="localRepository" value="/home/ingrid/.m2/repository"/>
    <property name="java.vendor.url.bug" value="https://bugs.launchpad.net/ubuntu/+source/openjdk-lts"/>
    <property name="java.io.tmpdir" value="/tmp"/>
    <property name="java.version" value="11.0.10"/>
    <property name="user.dir" value="/var/www/html/accenture-pageobjct"/>
    <property name="os.arch" value="amd64"/>
    <property name="java.vm.specification.name" value="Java Virtual Machine Specification"/>
    <property name="java.awt.printerjob" value="sun.print.PSPrinterJob"/>
    <property name="sun.os.patch.level" value="unknown"/>
    <property name="java.library.path" value="/usr/java/packages/lib:/usr/lib/x86_64-linux-gnu/jni:/lib/x86_64-linux-gnu:/usr/lib/x86_64-linux-gnu:/usr/lib/jni:/lib:/usr/lib"/>
    <property name="java.vm.info" value="mixed mode, sharing"/>
    <property name="java.vendor" value="Ubuntu"/>
    <property name="java.vm.version" value="11.0.10+9-Ubuntu-0ubuntu1.18.04"/>
    <property name="sun.io.unicode.encoding" value="UnicodeLittle"/>
    <property name="java.class.version" value="55.0"/>
  </properties>
  <testcase name="Given Login form in login page" classname="Scenario: Successful login using valid account" time="0.009">
    <error message="Expected condition failed: waiting for visibility of Proxy element for: DefaultElementLocator &apos;By.xpath: //div[@class=&apos;row main-menu-merchant&apos;]//div[@class=&apos;navbar-header&apos;]//a[@class=&apos;navbar-logo&apos;]&apos; (tried for 60 second(s) with 500 milliseconds interval)" type="org.openqa.selenium.TimeoutException">org.openqa.selenium.TimeoutException: Expected condition failed: waiting for visibility of Proxy element for: DefaultElementLocator 'By.xpath: //div[@class='row main-menu-merchant']//div[@class='navbar-header']//a[@class='navbar-logo']' (tried for 60 second(s) with 500 milliseconds interval)
Caused by: org.openqa.selenium.NoSuchElementException: 
no such element: Unable to locate element: {"method":"xpath","selector":"//div[@class='row main-menu-merchant']//div[@class='navbar-header']//a[@class='navbar-logo']"}
  (Session info: headless chrome=88.0.4324.182)
For documentation on this error, please visit: https://www.seleniumhq.org/exceptions/no_such_element.html
Build info: version: '3.141.59', revision: 'e82be7d358', time: '2018-11-14T08:17:03'
System info: host: 'ingrid-Q470C-500P4C', ip: '127.0.1.1', os.name: 'Linux', os.arch: 'amd64', os.version: '4.15.0-140-generic', java.version: '11.0.10'
Driver info: org.openqa.selenium.chrome.ChromeDriver
Capabilities {acceptInsecureCerts: false, browserName: chrome, browserVersion: 88.0.4324.182, chrome: {chromedriverVersion: 88.0.4324.96 (68dba2d8a0b14..., userDataDir: /tmp/.com.google.Chrome.Yl1wWf}, goog:chromeOptions: {debuggerAddress: localhost:37811}, javascriptEnabled: true, networkConnectionEnabled: false, pageLoadStrategy: normal, platform: LINUX, platformName: LINUX, proxy: Proxy(), setWindowRect: true, strictFileInteractability: false, timeouts: {implicit: 0, pageLoad: 300000, script: 30000}, unhandledPromptBehavior: dismiss and notify, webauthn:extension:largeBlob: true, webauthn:virtualAuthenticators: true}
Session ID: 5621f8ec51aa432e6c5282e2cbc431c2
*** Element info: {Using=xpath, value=//div[@class='row main-menu-merchant']//div[@class='navbar-header']//a[@class='navbar-logo']}
</error>
    <system-out><![CDATA[Feature: As a user, I want to create credentials
]]></system-out>
    <system-err><![CDATA[547 [main] INFO io.github.bonigarcia.wdm.WebDriverManager - Using chromedriver 88.0.4324.96 (since Google Chrome 88 is installed in your machine)
560 [main] INFO io.github.bonigarcia.wdm.WebDriverManager - Exporting webdriver.chrome.driver as /home/ingrid/.m2/repository/webdriver/chromedriver/linux64/88.0.4324.96/chromedriver
Starting ChromeDriver 88.0.4324.96 (68dba2d8a0b149a1d3afac56fa74648032bcf46b-refs/branch-heads/4324@{#1784}) on port 23268
Only local connections are allowed.
Please see https://chromedriver.chromium.org/security-considerations for suggestions on keeping ChromeDriver safe.
ChromeDriver was started successfully.
abr 11, 2021 9:18:42 PM org.openqa.selenium.remote.ProtocolHandshake createSession
INFORMAÇÕES: Detected dialect: W3C
]]></system-err>
  </testcase>
  <testcase name="Scenario: Successful login using valid account" classname="Scenario: Successful login using valid account" time="0.011">
    <error message="Expected condition failed: waiting for visibility of Proxy element for: DefaultElementLocator &apos;By.xpath: //div[@class=&apos;row main-menu-merchant&apos;]//div[@class=&apos;navbar-header&apos;]//a[@class=&apos;navbar-logo&apos;]&apos; (tried for 60 second(s) with 500 milliseconds interval)" type="org.openqa.selenium.TimeoutException">org.openqa.selenium.TimeoutException: Expected condition failed: waiting for visibility of Proxy element for: DefaultElementLocator 'By.xpath: //div[@class='row main-menu-merchant']//div[@class='navbar-header']//a[@class='navbar-logo']' (tried for 60 second(s) with 500 milliseconds interval)
Caused by: org.openqa.selenium.NoSuchElementException: 
no such element: Unable to locate element: {"method":"xpath","selector":"//div[@class='row main-menu-merchant']//div[@class='navbar-header']//a[@class='navbar-logo']"}
  (Session info: headless chrome=88.0.4324.182)
For documentation on this error, please visit: https://www.seleniumhq.org/exceptions/no_such_element.html
Build info: version: '3.141.59', revision: 'e82be7d358', time: '2018-11-14T08:17:03'
System info: host: 'ingrid-Q470C-500P4C', ip: '127.0.1.1', os.name: 'Linux', os.arch: 'amd64', os.version: '4.15.0-140-generic', java.version: '11.0.10'
Driver info: org.openqa.selenium.chrome.ChromeDriver
Capabilities {acceptInsecureCerts: false, browserName: chrome, browserVersion: 88.0.4324.182, chrome: {chromedriverVersion: 88.0.4324.96 (68dba2d8a0b14..., userDataDir: /tmp/.com.google.Chrome.Yl1wWf}, goog:chromeOptions: {debuggerAddress: localhost:37811}, javascriptEnabled: true, networkConnectionEnabled: false, pageLoadStrategy: normal, platform: LINUX, platformName: LINUX, proxy: Proxy(), setWindowRect: true, strictFileInteractability: false, timeouts: {implicit: 0, pageLoad: 300000, script: 30000}, unhandledPromptBehavior: dismiss and notify, webauthn:extension:largeBlob: true, webauthn:virtualAuthenticators: true}
Session ID: 5621f8ec51aa432e6c5282e2cbc431c2
*** Element info: {Using=xpath, value=//div[@class='row main-menu-merchant']//div[@class='navbar-header']//a[@class='navbar-logo']}
</error>
  </testcase>
  <testcase name="When Submit email using &quot;your_email&quot; and password using &quot;your_password&quot;" classname="Scenario: Successful login using valid account" time="0">
    <skipped/>
  </testcase>
  <testcase name="Then Success login to home page with displaying account button" classname="Scenario: Successful login using valid account" time="0">
    <skipped/>
  </testcase>
  <testcase name="Given Login form in login page" classname="| qwert | 123456 |" time="0.004">
    <error message="Expected condition failed: waiting for visibility of Proxy element for: DefaultElementLocator &apos;By.xpath: //div[@class=&apos;row main-menu-merchant&apos;]//div[@class=&apos;navbar-header&apos;]//a[@class=&apos;navbar-logo&apos;]&apos; (tried for 60 second(s) with 500 milliseconds interval)" type="org.openqa.selenium.TimeoutException">org.openqa.selenium.TimeoutException: Expected condition failed: waiting for visibility of Proxy element for: DefaultElementLocator 'By.xpath: //div[@class='row main-menu-merchant']//div[@class='navbar-header']//a[@class='navbar-logo']' (tried for 60 second(s) with 500 milliseconds interval)
Caused by: org.openqa.selenium.NoSuchElementException: 
no such element: Unable to locate element: {"method":"xpath","selector":"//div[@class='row main-menu-merchant']//div[@class='navbar-header']//a[@class='navbar-logo']"}
  (Session info: headless chrome=88.0.4324.182)
For documentation on this error, please visit: https://www.seleniumhq.org/exceptions/no_such_element.html
Build info: version: '3.141.59', revision: 'e82be7d358', time: '2018-11-14T08:17:03'
System info: host: 'ingrid-Q470C-500P4C', ip: '127.0.1.1', os.name: 'Linux', os.arch: 'amd64', os.version: '4.15.0-140-generic', java.version: '11.0.10'
Driver info: org.openqa.selenium.chrome.ChromeDriver
Capabilities {acceptInsecureCerts: false, browserName: chrome, browserVersion: 88.0.4324.182, chrome: {chromedriverVersion: 88.0.4324.96 (68dba2d8a0b14..., userDataDir: /tmp/.com.google.Chrome.abaze3}, goog:chromeOptions: {debuggerAddress: localhost:36483}, javascriptEnabled: true, networkConnectionEnabled: false, pageLoadStrategy: normal, platform: LINUX, platformName: LINUX, proxy: Proxy(), setWindowRect: true, strictFileInteractability: false, timeouts: {implicit: 0, pageLoad: 300000, script: 30000}, unhandledPromptBehavior: dismiss and notify, webauthn:extension:largeBlob: true, webauthn:virtualAuthenticators: true}
Session ID: 487c4f5261846260822d5b871ab7c6ac
*** Element info: {Using=xpath, value=//div[@class='row main-menu-merchant']//div[@class='navbar-header']//a[@class='navbar-logo']}
</error>
    <system-out><![CDATA[
  @ValidCase @SomeTags
  Scenario: Successful login using valid account                            &amp#27;[90m# LoginTest.feature:4&amp#27;[0m
    &amp#27;[31mGiven &amp#27;[0m&amp#27;[31mLogin form in login page&amp#27;[0m                                          &amp#27;[90m# LoginSteps.loginPage()&amp#27;[0m
      &amp#27;[31morg.openqa.selenium.TimeoutException: Expected condition failed: waiting for visibility of Proxy element for: DefaultElementLocator 'By.xpath: //div[@class='row main-menu-merchant']//div[@class='navbar-header']//a[@class='navbar-logo']' (tried for 60 second(s) with 500 milliseconds interval)
      	at org.openqa.selenium.support.ui.WebDriverWait.timeoutException(WebDriverWait.java:95)
      	at org.openqa.selenium.support.ui.FluentWait.until(FluentWait.java:272)
      	at Utilities.BaseClass.WaitUntilElementVisible(BaseClass.java:21)
      	at PageObjects.HomePage.homePageIsDisplayed(HomePage.java:74)
      	at StepDefinitions.LoginSteps.loginPage(LoginSteps.java:29)
      	at ✽.Given Login form in login page(LoginTest.feature:5)
      Caused by: org.openqa.selenium.NoSuchElementException: no such element: Unable to locate element: {"method":"xpath","selector":"//div[@class='row main-menu-merchant']//div[@class='navbar-header']//a[@class='navbar-logo']"}
        (Session info: headless chrome=88.0.4324.182)
      For documentation on this error, please visit: https://www.seleniumhq.org/exceptions/no_such_element.html
      Build info: version: '3.141.59', revision: 'e82be7d358', time: '2018-11-14T08:17:03'
      System info: host: 'ingrid-Q470C-500P4C', ip: '127.0.1.1', os.name: 'Linux', os.arch: 'amd64', os.version: '4.15.0-140-generic', java.version: '11.0.10'
      Driver info: org.openqa.selenium.chrome.ChromeDriver
      Capabilities {acceptInsecureCerts: false, browserName: chrome, browserVersion: 88.0.4324.182, chrome: {chromedriverVersion: 88.0.4324.96 (68dba2d8a0b14..., userDataDir: /tmp/.com.google.Chrome.Yl1wWf}, goog:chromeOptions: {debuggerAddress: localhost:37811}, javascriptEnabled: true, networkConnectionEnabled: false, pageLoadStrategy: normal, platform: LINUX, platformName: LINUX, proxy: Proxy(), setWindowRect: true, strictFileInteractability: false, timeouts: {implicit: 0, pageLoad: 300000, script: 30000}, unhandledPromptBehavior: dismiss and notify, webauthn:extension:largeBlob: true, webauthn:virtualAuthenticators: true}
      Session ID: 5621f8ec51aa432e6c5282e2cbc431c2
      *** Element info: {Using=xpath, value=//div[@class='row main-menu-merchant']//div[@class='navbar-header']//a[@class='navbar-logo']}
      	at java.base/jdk.internal.reflect.NativeConstructorAccessorImpl.newInstance0(Native Method)
      	at java.base/jdk.internal.reflect.NativeConstructorAccessorImpl.newInstance(NativeConstructorAccessorImpl.java:62)
      	at java.base/jdk.internal.reflect.DelegatingConstructorAccessorImpl.newInstance(DelegatingConstructorAccessorImpl.java:45)
      	at java.base/java.lang.reflect.Constructor.newInstance(Constructor.java:490)
      	at org.openqa.selenium.remote.http.W3CHttpResponseCodec.createException(W3CHttpResponseCodec.java:187)
      	at org.openqa.selenium.remote.http.W3CHttpResponseCodec.decode(W3CHttpResponseCodec.java:122)
      	at org.openqa.selenium.remote.http.W3CHttpResponseCodec.decode(W3CHttpResponseCodec.java:49)
      	at org.openqa.selenium.remote.HttpCommandExecutor.execute(HttpCommandExecutor.java:158)
      	at org.openqa.selenium.remote.service.DriverCommandExecutor.execute(DriverCommandExecutor.java:83)
      	at org.openqa.selenium.remote.RemoteWebDriver.execute(RemoteWebDriver.java:552)
      	at org.openqa.selenium.remote.RemoteWebDriver.findElement(RemoteWebDriver.java:323)
      	at org.openqa.selenium.remote.RemoteWebDriver.findElementByXPath(RemoteWebDriver.java:428)
      	at org.openqa.selenium.By$ByXPath.findElement(By.java:353)
      	at org.openqa.selenium.remote.RemoteWebDriver.findElement(RemoteWebDriver.java:315)
      	at org.openqa.selenium.support.pagefactory.DefaultElementLocator.findElement(DefaultElementLocator.java:69)
      	at org.openqa.selenium.support.pagefactory.internal.LocatingElementHandler.invoke(LocatingElementHandler.java:38)
      	at com.sun.proxy.$Proxy21.isDisplayed(Unknown Source)
      	at org.openqa.selenium.support.ui.ExpectedConditions.elementIfVisible(ExpectedConditions.java:314)
      	at org.openqa.selenium.support.ui.ExpectedConditions.access$000(ExpectedConditions.java:43)
      	at org.openqa.selenium.support.ui.ExpectedConditions$10.apply(ExpectedConditions.java:300)
      	at org.openqa.selenium.support.ui.ExpectedConditions$10.apply(ExpectedConditions.java:297)
      	at org.openqa.selenium.support.ui.FluentWait.until(FluentWait.java:249)
      	at Utilities.BaseClass.WaitUntilElementVisible(BaseClass.java:21)
      	at PageObjects.HomePage.homePageIsDisplayed(HomePage.java:74)
      	at StepDefinitions.LoginSteps.loginPage(LoginSteps.java:29)
      	at java.base/jdk.internal.reflect.NativeMethodAccessorImpl.invoke0(Native Method)
      	at java.base/jdk.internal.reflect.NativeMethodAccessorImpl.invoke(NativeMethodAccessorImpl.java:62)
      	at java.base/jdk.internal.reflect.DelegatingMethodAccessorImpl.invoke(DelegatingMethodAccessorImpl.java:43)
      	at java.base/java.lang.reflect.Method.invoke(Method.java:566)
      	at cucumber.runtime.Utils$1.call(Utils.java:40)
      	at cucumber.runtime.Timeout.timeout(Timeout.java:16)
      	at cucumber.runtime.Utils.invoke(Utils.java:34)
      	at cucumber.runtime.java.JavaStepDefinition.execute(JavaStepDefinition.java:38)
      	at cucumber.runtime.StepDefinitionMatch.runStep(StepDefinitionMatch.java:37)
      	at cucumber.runtime.Runtime.runStep(Runtime.java:300)
      	at cucumber.runtime.model.StepContainer.runStep(StepContainer.java:44)
      	at cucumber.runtime.model.StepContainer.runSteps(StepContainer.java:39)
      	at cucumber.runtime.model.CucumberScenario.run(CucumberScenario.java:44)
      	at cucumber.runtime.junit.ExecutionUnitRunner.run(ExecutionUnitRunner.java:102)
      	at cucumber.runtime.junit.FeatureRunner.runChild(FeatureRunner.java:63)
      	at cucumber.runtime.junit.FeatureRunner.runChild(FeatureRunner.java:18)
      	at org.junit.runners.ParentRunner$4.run(ParentRunner.java:331)
      	at org.junit.runners.ParentRunner$1.schedule(ParentRunner.java:79)
      	at org.junit.runners.ParentRunner.runChildren(ParentRunner.java:329)
      	at org.junit.runners.ParentRunner.access$100(ParentRunner.java:66)
      	at org.junit.runners.ParentRunner$2.evaluate(ParentRunner.java:293)
      	at org.junit.runners.ParentRunner$3.evaluate(ParentRunner.java:306)
      	at org.junit.runners.ParentRunner.run(ParentRunner.java:413)
      	at cucumber.runtime.junit.FeatureRunner.run(FeatureRunner.java:70)
      	at cucumber.api.junit.Cucumber.runChild(Cucumber.java:95)
      	at cucumber.api.junit.Cucumber.runChild(Cucumber.java:38)
      	at org.junit.runners.ParentRunner$4.run(ParentRunner.java:331)
      	at org.junit.runners.ParentRunner$1.schedule(ParentRunner.java:79)
      	at org.junit.runners.ParentRunner.runChildren(ParentRunner.java:329)
      	at org.junit.runners.ParentRunner.access$100(ParentRunner.java:66)
      	at org.junit.runners.ParentRunner$2.evaluate(ParentRunner.java:293)
      	at org.junit.runners.ParentRunner$3.evaluate(ParentRunner.java:306)
      	at org.junit.runners.ParentRunner.run(ParentRunner.java:413)
      	at cucumber.api.junit.Cucumber.run(Cucumber.java:100)
      	at org.apache.maven.surefire.junit4.JUnit4Provider.execute(JUnit4Provider.java:365)
      	at org.apache.maven.surefire.junit4.JUnit4Provider.executeWithRerun(JUnit4Provider.java:273)
      	at org.apache.maven.surefire.junit4.JUnit4Provider.executeTestSet(JUnit4Provider.java:238)
      	at org.apache.maven.surefire.junit4.JUnit4Provider.invoke(JUnit4Provider.java:159)
      	at org.apache.maven.surefire.booter.ForkedBooter.invokeProviderInSameClassLoader(ForkedBooter.java:383)
      	at org.apache.maven.surefire.booter.ForkedBooter.runSuitesInProcess(ForkedBooter.java:344)
      	at org.apache.maven.surefire.booter.ForkedBooter.execute(ForkedBooter.java:125)
      	at org.apache.maven.surefire.booter.ForkedBooter.main(ForkedBooter.java:417)
      &amp#27;[0m
    &amp#27;[36mWhen &amp#27;[0m&amp#27;[36mSubmit email using "&amp#27;[0m&amp#27;[36m&amp#27;[1myour_email&amp#27;[0m&amp#27;[36m" and password using "&amp#27;[0m&amp#27;[36m&amp#27;[1myour_password&amp#27;[0m&amp#27;[36m"&amp#27;[0m &amp#27;[90m# LoginSteps.submitEmailPassword(String,String)&amp#27;[0m
    &amp#27;[36mThen &amp#27;[0m&amp#27;[36mSuccess login to home page with displaying account button&amp#27;[0m          &amp#27;[90m# LoginSteps.successLogin()&amp#27;[0m

  @InvalidCase @SomeTags
  Scenario Outline: Failed login using invalid account                &amp#27;[90m# LoginTest.feature:10&amp#27;[0m
    &amp#27;[36mGiven &amp#27;[0m&amp#27;[36mLogin form in login page&amp#27;[0m
    &amp#27;[36mWhen &amp#27;[0m&amp#27;[36mSubmit email using "<email>" and password using "<password>"&amp#27;[0m
    &amp#27;[36mThen &amp#27;[0m&amp#27;[36mLogin failed with displaying error message&amp#27;[0m

    Examples: 
]]></system-out>
    <system-err><![CDATA[130170 [main] INFO io.github.bonigarcia.wdm.WebDriverManager - Using chromedriver 88.0.4324.96 (since Google Chrome 88 is installed in your machine)
130180 [main] INFO io.github.bonigarcia.wdm.WebDriverManager - Exporting webdriver.chrome.driver as /home/ingrid/.m2/repository/webdriver/chromedriver/linux64/88.0.4324.96/chromedriver
Starting ChromeDriver 88.0.4324.96 (68dba2d8a0b149a1d3afac56fa74648032bcf46b-refs/branch-heads/4324@{#1784}) on port 19037
Only local connections are allowed.
Please see https://chromedriver.chromium.org/security-considerations for suggestions on keeping ChromeDriver safe.
ChromeDriver was started successfully.
abr 11, 2021 9:20:51 PM org.openqa.selenium.remote.ProtocolHandshake createSession
INFORMAÇÕES: Detected dialect: W3C
]]></system-err>
  </testcase>
  <testcase name="| qwert | 123456 |" classname="| qwert | 123456 |" time="0.005">
    <error message="Expected condition failed: waiting for visibility of Proxy element for: DefaultElementLocator &apos;By.xpath: //div[@class=&apos;row main-menu-merchant&apos;]//div[@class=&apos;navbar-header&apos;]//a[@class=&apos;navbar-logo&apos;]&apos; (tried for 60 second(s) with 500 milliseconds interval)" type="org.openqa.selenium.TimeoutException">org.openqa.selenium.TimeoutException: Expected condition failed: waiting for visibility of Proxy element for: DefaultElementLocator 'By.xpath: //div[@class='row main-menu-merchant']//div[@class='navbar-header']//a[@class='navbar-logo']' (tried for 60 second(s) with 500 milliseconds interval)
Caused by: org.openqa.selenium.NoSuchElementException: 
no such element: Unable to locate element: {"method":"xpath","selector":"//div[@class='row main-menu-merchant']//div[@class='navbar-header']//a[@class='navbar-logo']"}
  (Session info: headless chrome=88.0.4324.182)
For documentation on this error, please visit: https://www.seleniumhq.org/exceptions/no_such_element.html
Build info: version: '3.141.59', revision: 'e82be7d358', time: '2018-11-14T08:17:03'
System info: host: 'ingrid-Q470C-500P4C', ip: '127.0.1.1', os.name: 'Linux', os.arch: 'amd64', os.version: '4.15.0-140-generic', java.version: '11.0.10'
Driver info: org.openqa.selenium.chrome.ChromeDriver
Capabilities {acceptInsecureCerts: false, browserName: chrome, browserVersion: 88.0.4324.182, chrome: {chromedriverVersion: 88.0.4324.96 (68dba2d8a0b14..., userDataDir: /tmp/.com.google.Chrome.abaze3}, goog:chromeOptions: {debuggerAddress: localhost:36483}, javascriptEnabled: true, networkConnectionEnabled: false, pageLoadStrategy: normal, platform: LINUX, platformName: LINUX, proxy: Proxy(), setWindowRect: true, strictFileInteractability: false, timeouts: {implicit: 0, pageLoad: 300000, script: 30000}, unhandledPromptBehavior: dismiss and notify, webauthn:extension:largeBlob: true, webauthn:virtualAuthenticators: true}
Session ID: 487c4f5261846260822d5b871ab7c6ac
*** Element info: {Using=xpath, value=//div[@class='row main-menu-merchant']//div[@class='navbar-header']//a[@class='navbar-logo']}
</error>
  </testcase>
  <testcase name="When Submit email using &quot;qwert&quot; and password using &quot;123456&quot;" classname="| qwert | 123456 |" time="0">
    <skipped/>
  </testcase>
  <testcase name="Then Login failed with displaying error message" classname="| qwert | 123456 |" time="0">
    <skipped/>
  </testcase>
  <testcase name="Given Login form in login page" classname="|  | 1234qw |" time="0.001">
    <error message="Expected condition failed: waiting for visibility of Proxy element for: DefaultElementLocator &apos;By.xpath: //div[@class=&apos;row main-menu-merchant&apos;]//div[@class=&apos;navbar-header&apos;]//a[@class=&apos;navbar-logo&apos;]&apos; (tried for 60 second(s) with 500 milliseconds interval)" type="org.openqa.selenium.TimeoutException">org.openqa.selenium.TimeoutException: Expected condition failed: waiting for visibility of Proxy element for: DefaultElementLocator 'By.xpath: //div[@class='row main-menu-merchant']//div[@class='navbar-header']//a[@class='navbar-logo']' (tried for 60 second(s) with 500 milliseconds interval)
Caused by: org.openqa.selenium.NoSuchElementException: 
no such element: Unable to locate element: {"method":"xpath","selector":"//div[@class='row main-menu-merchant']//div[@class='navbar-header']//a[@class='navbar-logo']"}
  (Session info: headless chrome=88.0.4324.182)
For documentation on this error, please visit: https://www.seleniumhq.org/exceptions/no_such_element.html
Build info: version: '3.141.59', revision: 'e82be7d358', time: '2018-11-14T08:17:03'
System info: host: 'ingrid-Q470C-500P4C', ip: '127.0.1.1', os.name: 'Linux', os.arch: 'amd64', os.version: '4.15.0-140-generic', java.version: '11.0.10'
Driver info: org.openqa.selenium.chrome.ChromeDriver
Capabilities {acceptInsecureCerts: false, browserName: chrome, browserVersion: 88.0.4324.182, chrome: {chromedriverVersion: 88.0.4324.96 (68dba2d8a0b14..., userDataDir: /tmp/.com.google.Chrome.pBo0UZ}, goog:chromeOptions: {debuggerAddress: localhost:33579}, javascriptEnabled: true, networkConnectionEnabled: false, pageLoadStrategy: normal, platform: LINUX, platformName: LINUX, proxy: Proxy(), setWindowRect: true, strictFileInteractability: false, timeouts: {implicit: 0, pageLoad: 300000, script: 30000}, unhandledPromptBehavior: dismiss and notify, webauthn:extension:largeBlob: true, webauthn:virtualAuthenticators: true}
Session ID: de520481546d20afe28c6ede9a865730
*** Element info: {Using=xpath, value=//div[@class='row main-menu-merchant']//div[@class='navbar-header']//a[@class='navbar-logo']}
</error>
    <system-out><![CDATA[
  @SomeTags @InvalidCase
  Scenario Outline: Failed login using invalid account          &amp#27;[90m# LoginTest.feature:16&amp#27;[0m
    &amp#27;[31mGiven &amp#27;[0m&amp#27;[31mLogin form in login page&amp#27;[0m                              &amp#27;[90m# LoginSteps.loginPage()&amp#27;[0m
      &amp#27;[31morg.openqa.selenium.TimeoutException: Expected condition failed: waiting for visibility of Proxy element for: DefaultElementLocator 'By.xpath: //div[@class='row main-menu-merchant']//div[@class='navbar-header']//a[@class='navbar-logo']' (tried for 60 second(s) with 500 milliseconds interval)
      	at org.openqa.selenium.support.ui.WebDriverWait.timeoutException(WebDriverWait.java:95)
      	at org.openqa.selenium.support.ui.FluentWait.until(FluentWait.java:272)
      	at Utilities.BaseClass.WaitUntilElementVisible(BaseClass.java:21)
      	at PageObjects.HomePage.homePageIsDisplayed(HomePage.java:74)
      	at StepDefinitions.LoginSteps.loginPage(LoginSteps.java:29)
      	at ✽.Given Login form in login page(LoginTest.feature:11)
      Caused by: org.openqa.selenium.NoSuchElementException: no such element: Unable to locate element: {"method":"xpath","selector":"//div[@class='row main-menu-merchant']//div[@class='navbar-header']//a[@class='navbar-logo']"}
        (Session info: headless chrome=88.0.4324.182)
      For documentation on this error, please visit: https://www.seleniumhq.org/exceptions/no_such_element.html
      Build info: version: '3.141.59', revision: 'e82be7d358', time: '2018-11-14T08:17:03'
      System info: host: 'ingrid-Q470C-500P4C', ip: '127.0.1.1', os.name: 'Linux', os.arch: 'amd64', os.version: '4.15.0-140-generic', java.version: '11.0.10'
      Driver info: org.openqa.selenium.chrome.ChromeDriver
      Capabilities {acceptInsecureCerts: false, browserName: chrome, browserVersion: 88.0.4324.182, chrome: {chromedriverVersion: 88.0.4324.96 (68dba2d8a0b14..., userDataDir: /tmp/.com.google.Chrome.abaze3}, goog:chromeOptions: {debuggerAddress: localhost:36483}, javascriptEnabled: true, networkConnectionEnabled: false, pageLoadStrategy: normal, platform: LINUX, platformName: LINUX, proxy: Proxy(), setWindowRect: true, strictFileInteractability: false, timeouts: {implicit: 0, pageLoad: 300000, script: 30000}, unhandledPromptBehavior: dismiss and notify, webauthn:extension:largeBlob: true, webauthn:virtualAuthenticators: true}
      Session ID: 487c4f5261846260822d5b871ab7c6ac
      *** Element info: {Using=xpath, value=//div[@class='row main-menu-merchant']//div[@class='navbar-header']//a[@class='navbar-logo']}
      	at java.base/jdk.internal.reflect.NativeConstructorAccessorImpl.newInstance0(Native Method)
      	at java.base/jdk.internal.reflect.NativeConstructorAccessorImpl.newInstance(NativeConstructorAccessorImpl.java:62)
      	at java.base/jdk.internal.reflect.DelegatingConstructorAccessorImpl.newInstance(DelegatingConstructorAccessorImpl.java:45)
      	at java.base/java.lang.reflect.Constructor.newInstance(Constructor.java:490)
      	at org.openqa.selenium.remote.http.W3CHttpResponseCodec.createException(W3CHttpResponseCodec.java:187)
      	at org.openqa.selenium.remote.http.W3CHttpResponseCodec.decode(W3CHttpResponseCodec.java:122)
      	at org.openqa.selenium.remote.http.W3CHttpResponseCodec.decode(W3CHttpResponseCodec.java:49)
      	at org.openqa.selenium.remote.HttpCommandExecutor.execute(HttpCommandExecutor.java:158)
      	at org.openqa.selenium.remote.service.DriverCommandExecutor.execute(DriverCommandExecutor.java:83)
      	at org.openqa.selenium.remote.RemoteWebDriver.execute(RemoteWebDriver.java:552)
      	at org.openqa.selenium.remote.RemoteWebDriver.findElement(RemoteWebDriver.java:323)
      	at org.openqa.selenium.remote.RemoteWebDriver.findElementByXPath(RemoteWebDriver.java:428)
      	at org.openqa.selenium.By$ByXPath.findElement(By.java:353)
      	at org.openqa.selenium.remote.RemoteWebDriver.findElement(RemoteWebDriver.java:315)
      	at org.openqa.selenium.support.pagefactory.DefaultElementLocator.findElement(DefaultElementLocator.java:69)
      	at org.openqa.selenium.support.pagefactory.internal.LocatingElementHandler.invoke(LocatingElementHandler.java:38)
      	at com.sun.proxy.$Proxy21.isDisplayed(Unknown Source)
      	at org.openqa.selenium.support.ui.ExpectedConditions.elementIfVisible(ExpectedConditions.java:314)
      	at org.openqa.selenium.support.ui.ExpectedConditions.access$000(ExpectedConditions.java:43)
      	at org.openqa.selenium.support.ui.ExpectedConditions$10.apply(ExpectedConditions.java:300)
      	at org.openqa.selenium.support.ui.ExpectedConditions$10.apply(ExpectedConditions.java:297)
      	at org.openqa.selenium.support.ui.FluentWait.until(FluentWait.java:249)
      	at Utilities.BaseClass.WaitUntilElementVisible(BaseClass.java:21)
      	at PageObjects.HomePage.homePageIsDisplayed(HomePage.java:74)
      	at StepDefinitions.LoginSteps.loginPage(LoginSteps.java:29)
      	at java.base/jdk.internal.reflect.NativeMethodAccessorImpl.invoke0(Native Method)
      	at java.base/jdk.internal.reflect.NativeMethodAccessorImpl.invoke(NativeMethodAccessorImpl.java:62)
      	at java.base/jdk.internal.reflect.DelegatingMethodAccessorImpl.invoke(DelegatingMethodAccessorImpl.java:43)
      	at java.base/java.lang.reflect.Method.invoke(Method.java:566)
      	at cucumber.runtime.Utils$1.call(Utils.java:40)
      	at cucumber.runtime.Timeout.timeout(Timeout.java:16)
      	at cucumber.runtime.Utils.invoke(Utils.java:34)
      	at cucumber.runtime.java.JavaStepDefinition.execute(JavaStepDefinition.java:38)
      	at cucumber.runtime.StepDefinitionMatch.runStep(StepDefinitionMatch.java:37)
      	at cucumber.runtime.Runtime.runStep(Runtime.java:300)
      	at cucumber.runtime.model.StepContainer.runStep(StepContainer.java:44)
      	at cucumber.runtime.model.StepContainer.runSteps(StepContainer.java:39)
      	at cucumber.runtime.model.CucumberScenario.run(CucumberScenario.java:44)
      	at cucumber.runtime.junit.ExecutionUnitRunner.run(ExecutionUnitRunner.java:102)
      	at org.junit.runners.Suite.runChild(Suite.java:128)
      	at org.junit.runners.Suite.runChild(Suite.java:27)
      	at org.junit.runners.ParentRunner$4.run(ParentRunner.java:331)
      	at org.junit.runners.ParentRunner$1.schedule(ParentRunner.java:79)
      	at org.junit.runners.ParentRunner.runChildren(ParentRunner.java:329)
      	at org.junit.runners.ParentRunner.access$100(ParentRunner.java:66)
      	at org.junit.runners.ParentRunner$2.evaluate(ParentRunner.java:293)
      	at org.junit.runners.ParentRunner$3.evaluate(ParentRunner.java:306)
      	at org.junit.runners.ParentRunner.run(ParentRunner.java:413)
      	at cucumber.runtime.junit.ExamplesRunner.run(ExamplesRunner.java:59)
      	at org.junit.runners.Suite.runChild(Suite.java:128)
      	at org.junit.runners.Suite.runChild(Suite.java:27)
      	at org.junit.runners.ParentRunner$4.run(ParentRunner.java:331)
      	at org.junit.runners.ParentRunner$1.schedule(ParentRunner.java:79)
      	at org.junit.runners.ParentRunner.runChildren(ParentRunner.java:329)
      	at org.junit.runners.ParentRunner.access$100(ParentRunner.java:66)
      	at org.junit.runners.ParentRunner$2.evaluate(ParentRunner.java:293)
      	at org.junit.runners.ParentRunner$3.evaluate(ParentRunner.java:306)
      	at org.junit.runners.ParentRunner.run(ParentRunner.java:413)
      	at cucumber.runtime.junit.ScenarioOutlineRunner.run(ScenarioOutlineRunner.java:53)
      	at cucumber.runtime.junit.FeatureRunner.runChild(FeatureRunner.java:63)
      	at cucumber.runtime.junit.FeatureRunner.runChild(FeatureRunner.java:18)
      	at org.junit.runners.ParentRunner$4.run(ParentRunner.java:331)
      	at org.junit.runners.ParentRunner$1.schedule(ParentRunner.java:79)
      	at org.junit.runners.ParentRunner.runChildren(ParentRunner.java:329)
      	at org.junit.runners.ParentRunner.access$100(ParentRunner.java:66)
      	at org.junit.runners.ParentRunner$2.evaluate(ParentRunner.java:293)
      	at org.junit.runners.ParentRunner$3.evaluate(ParentRunner.java:306)
      	at org.junit.runners.ParentRunner.run(ParentRunner.java:413)
      	at cucumber.runtime.junit.FeatureRunner.run(FeatureRunner.java:70)
      	at cucumber.api.junit.Cucumber.runChild(Cucumber.java:95)
      	at cucumber.api.junit.Cucumber.runChild(Cucumber.java:38)
      	at org.junit.runners.ParentRunner$4.run(ParentRunner.java:331)
      	at org.junit.runners.ParentRunner$1.schedule(ParentRunner.java:79)
      	at org.junit.runners.ParentRunner.runChildren(ParentRunner.java:329)
      	at org.junit.runners.ParentRunner.access$100(ParentRunner.java:66)
      	at org.junit.runners.ParentRunner$2.evaluate(ParentRunner.java:293)
      	at org.junit.runners.ParentRunner$3.evaluate(ParentRunner.java:306)
      	at org.junit.runners.ParentRunner.run(ParentRunner.java:413)
      	at cucumber.api.junit.Cucumber.run(Cucumber.java:100)
      	at org.apache.maven.surefire.junit4.JUnit4Provider.execute(JUnit4Provider.java:365)
      	at org.apache.maven.surefire.junit4.JUnit4Provider.executeWithRerun(JUnit4Provider.java:273)
      	at org.apache.maven.surefire.junit4.JUnit4Provider.executeTestSet(JUnit4Provider.java:238)
      	at org.apache.maven.surefire.junit4.JUnit4Provider.invoke(JUnit4Provider.java:159)
      	at org.apache.maven.surefire.booter.ForkedBooter.invokeProviderInSameClassLoader(ForkedBooter.java:383)
      	at org.apache.maven.surefire.booter.ForkedBooter.runSuitesInProcess(ForkedBooter.java:344)
      	at org.apache.maven.surefire.booter.ForkedBooter.execute(ForkedBooter.java:125)
      	at org.apache.maven.surefire.booter.ForkedBooter.main(ForkedBooter.java:417)
      &amp#27;[0m
    &amp#27;[36mWhen &amp#27;[0m&amp#27;[36mSubmit email using "&amp#27;[0m&amp#27;[36m&amp#27;[1mqwert&amp#27;[0m&amp#27;[36m" and password using "&amp#27;[0m&amp#27;[36m&amp#27;[1m123456&amp#27;[0m&amp#27;[36m"&amp#27;[0m &amp#27;[90m# LoginSteps.submitEmailPassword(String,String)&amp#27;[0m
    &amp#27;[36mThen &amp#27;[0m&amp#27;[36mLogin failed with displaying error message&amp#27;[0m             &amp#27;[90m# LoginSteps.loginFailed()&amp#27;[0m
]]></system-out>
    <system-err><![CDATA[256614 [main] INFO io.github.bonigarcia.wdm.WebDriverManager - Using chromedriver 88.0.4324.96 (since Google Chrome 88 is installed in your machine)
256617 [main] INFO io.github.bonigarcia.wdm.WebDriverManager - Exporting webdriver.chrome.driver as /home/ingrid/.m2/repository/webdriver/chromedriver/linux64/88.0.4324.96/chromedriver
Starting ChromeDriver 88.0.4324.96 (68dba2d8a0b149a1d3afac56fa74648032bcf46b-refs/branch-heads/4324@{#1784}) on port 1480
Only local connections are allowed.
Please see https://chromedriver.chromium.org/security-considerations for suggestions on keeping ChromeDriver safe.
ChromeDriver was started successfully.
abr 11, 2021 9:22:58 PM org.openqa.selenium.remote.ProtocolHandshake createSession
INFORMAÇÕES: Detected dialect: W3C
]]></system-err>
  </testcase>
  <testcase name="|  | 1234qw |" classname="|  | 1234qw |" time="0.002">
    <error message="Expected condition failed: waiting for visibility of Proxy element for: DefaultElementLocator &apos;By.xpath: //div[@class=&apos;row main-menu-merchant&apos;]//div[@class=&apos;navbar-header&apos;]//a[@class=&apos;navbar-logo&apos;]&apos; (tried for 60 second(s) with 500 milliseconds interval)" type="org.openqa.selenium.TimeoutException">org.openqa.selenium.TimeoutException: Expected condition failed: waiting for visibility of Proxy element for: DefaultElementLocator 'By.xpath: //div[@class='row main-menu-merchant']//div[@class='navbar-header']//a[@class='navbar-logo']' (tried for 60 second(s) with 500 milliseconds interval)
Caused by: org.openqa.selenium.NoSuchElementException: 
no such element: Unable to locate element: {"method":"xpath","selector":"//div[@class='row main-menu-merchant']//div[@class='navbar-header']//a[@class='navbar-logo']"}
  (Session info: headless chrome=88.0.4324.182)
For documentation on this error, please visit: https://www.seleniumhq.org/exceptions/no_such_element.html
Build info: version: '3.141.59', revision: 'e82be7d358', time: '2018-11-14T08:17:03'
System info: host: 'ingrid-Q470C-500P4C', ip: '127.0.1.1', os.name: 'Linux', os.arch: 'amd64', os.version: '4.15.0-140-generic', java.version: '11.0.10'
Driver info: org.openqa.selenium.chrome.ChromeDriver
Capabilities {acceptInsecureCerts: false, browserName: chrome, browserVersion: 88.0.4324.182, chrome: {chromedriverVersion: 88.0.4324.96 (68dba2d8a0b14..., userDataDir: /tmp/.com.google.Chrome.pBo0UZ}, goog:chromeOptions: {debuggerAddress: localhost:33579}, javascriptEnabled: true, networkConnectionEnabled: false, pageLoadStrategy: normal, platform: LINUX, platformName: LINUX, proxy: Proxy(), setWindowRect: true, strictFileInteractability: false, timeouts: {implicit: 0, pageLoad: 300000, script: 30000}, unhandledPromptBehavior: dismiss and notify, webauthn:extension:largeBlob: true, webauthn:virtualAuthenticators: true}
Session ID: de520481546d20afe28c6ede9a865730
*** Element info: {Using=xpath, value=//div[@class='row main-menu-merchant']//div[@class='navbar-header']//a[@class='navbar-logo']}
</error>
  </testcase>
  <testcase name="When Submit email using &quot;&quot; and password using &quot;1234qw&quot;" classname="|  | 1234qw |" time="0">
    <skipped/>
  </testcase>
  <testcase name="Then Login failed with displaying error message" classname="|  | 1234qw |" time="0">
    <skipped/>
  </testcase>
  <testcase name="Given Login form in login page" classname="| akutest@email.com |  |" time="0.003">
    <error message="Expected condition failed: waiting for visibility of Proxy element for: DefaultElementLocator &apos;By.xpath: //div[@class=&apos;row main-menu-merchant&apos;]//div[@class=&apos;navbar-header&apos;]//a[@class=&apos;navbar-logo&apos;]&apos; (tried for 60 second(s) with 500 milliseconds interval)" type="org.openqa.selenium.TimeoutException">org.openqa.selenium.TimeoutException: Expected condition failed: waiting for visibility of Proxy element for: DefaultElementLocator 'By.xpath: //div[@class='row main-menu-merchant']//div[@class='navbar-header']//a[@class='navbar-logo']' (tried for 60 second(s) with 500 milliseconds interval)
Caused by: org.openqa.selenium.NoSuchElementException: 
no such element: Unable to locate element: {"method":"xpath","selector":"//div[@class='row main-menu-merchant']//div[@class='navbar-header']//a[@class='navbar-logo']"}
  (Session info: headless chrome=88.0.4324.182)
For documentation on this error, please visit: https://www.seleniumhq.org/exceptions/no_such_element.html
Build info: version: '3.141.59', revision: 'e82be7d358', time: '2018-11-14T08:17:03'
System info: host: 'ingrid-Q470C-500P4C', ip: '127.0.1.1', os.name: 'Linux', os.arch: 'amd64', os.version: '4.15.0-140-generic', java.version: '11.0.10'
Driver info: org.openqa.selenium.chrome.ChromeDriver
Capabilities {acceptInsecureCerts: false, browserName: chrome, browserVersion: 88.0.4324.182, chrome: {chromedriverVersion: 88.0.4324.96 (68dba2d8a0b14..., userDataDir: /tmp/.com.google.Chrome.rx5Ipk}, goog:chromeOptions: {debuggerAddress: localhost:37565}, javascriptEnabled: true, networkConnectionEnabled: false, pageLoadStrategy: normal, platform: LINUX, platformName: LINUX, proxy: Proxy(), setWindowRect: true, strictFileInteractability: false, timeouts: {implicit: 0, pageLoad: 300000, script: 30000}, unhandledPromptBehavior: dismiss and notify, webauthn:extension:largeBlob: true, webauthn:virtualAuthenticators: true}
Session ID: e5850a6d1af50db0927fa672be5c6503
*** Element info: {Using=xpath, value=//div[@class='row main-menu-merchant']//div[@class='navbar-header']//a[@class='navbar-logo']}
</error>
    <system-out><![CDATA[
  @SomeTags @InvalidCase
  Scenario Outline: Failed login using invalid account     &amp#27;[90m# LoginTest.feature:17&amp#27;[0m
    &amp#27;[31mGiven &amp#27;[0m&amp#27;[31mLogin form in login page&amp#27;[0m                         &amp#27;[90m# LoginSteps.loginPage()&amp#27;[0m
      &amp#27;[31morg.openqa.selenium.TimeoutException: Expected condition failed: waiting for visibility of Proxy element for: DefaultElementLocator 'By.xpath: //div[@class='row main-menu-merchant']//div[@class='navbar-header']//a[@class='navbar-logo']' (tried for 60 second(s) with 500 milliseconds interval)
      	at org.openqa.selenium.support.ui.WebDriverWait.timeoutException(WebDriverWait.java:95)
      	at org.openqa.selenium.support.ui.FluentWait.until(FluentWait.java:272)
      	at Utilities.BaseClass.WaitUntilElementVisible(BaseClass.java:21)
      	at PageObjects.HomePage.homePageIsDisplayed(HomePage.java:74)
      	at StepDefinitions.LoginSteps.loginPage(LoginSteps.java:29)
      	at ✽.Given Login form in login page(LoginTest.feature:11)
      Caused by: org.openqa.selenium.NoSuchElementException: no such element: Unable to locate element: {"method":"xpath","selector":"//div[@class='row main-menu-merchant']//div[@class='navbar-header']//a[@class='navbar-logo']"}
        (Session info: headless chrome=88.0.4324.182)
      For documentation on this error, please visit: https://www.seleniumhq.org/exceptions/no_such_element.html
      Build info: version: '3.141.59', revision: 'e82be7d358', time: '2018-11-14T08:17:03'
      System info: host: 'ingrid-Q470C-500P4C', ip: '127.0.1.1', os.name: 'Linux', os.arch: 'amd64', os.version: '4.15.0-140-generic', java.version: '11.0.10'
      Driver info: org.openqa.selenium.chrome.ChromeDriver
      Capabilities {acceptInsecureCerts: false, browserName: chrome, browserVersion: 88.0.4324.182, chrome: {chromedriverVersion: 88.0.4324.96 (68dba2d8a0b14..., userDataDir: /tmp/.com.google.Chrome.pBo0UZ}, goog:chromeOptions: {debuggerAddress: localhost:33579}, javascriptEnabled: true, networkConnectionEnabled: false, pageLoadStrategy: normal, platform: LINUX, platformName: LINUX, proxy: Proxy(), setWindowRect: true, strictFileInteractability: false, timeouts: {implicit: 0, pageLoad: 300000, script: 30000}, unhandledPromptBehavior: dismiss and notify, webauthn:extension:largeBlob: true, webauthn:virtualAuthenticators: true}
      Session ID: de520481546d20afe28c6ede9a865730
      *** Element info: {Using=xpath, value=//div[@class='row main-menu-merchant']//div[@class='navbar-header']//a[@class='navbar-logo']}
      	at java.base/jdk.internal.reflect.NativeConstructorAccessorImpl.newInstance0(Native Method)
      	at java.base/jdk.internal.reflect.NativeConstructorAccessorImpl.newInstance(NativeConstructorAccessorImpl.java:62)
      	at java.base/jdk.internal.reflect.DelegatingConstructorAccessorImpl.newInstance(DelegatingConstructorAccessorImpl.java:45)
      	at java.base/java.lang.reflect.Constructor.newInstance(Constructor.java:490)
      	at org.openqa.selenium.remote.http.W3CHttpResponseCodec.createException(W3CHttpResponseCodec.java:187)
      	at org.openqa.selenium.remote.http.W3CHttpResponseCodec.decode(W3CHttpResponseCodec.java:122)
      	at org.openqa.selenium.remote.http.W3CHttpResponseCodec.decode(W3CHttpResponseCodec.java:49)
      	at org.openqa.selenium.remote.HttpCommandExecutor.execute(HttpCommandExecutor.java:158)
      	at org.openqa.selenium.remote.service.DriverCommandExecutor.execute(DriverCommandExecutor.java:83)
      	at org.openqa.selenium.remote.RemoteWebDriver.execute(RemoteWebDriver.java:552)
      	at org.openqa.selenium.remote.RemoteWebDriver.findElement(RemoteWebDriver.java:323)
      	at org.openqa.selenium.remote.RemoteWebDriver.findElementByXPath(RemoteWebDriver.java:428)
      	at org.openqa.selenium.By$ByXPath.findElement(By.java:353)
      	at org.openqa.selenium.remote.RemoteWebDriver.findElement(RemoteWebDriver.java:315)
      	at org.openqa.selenium.support.pagefactory.DefaultElementLocator.findElement(DefaultElementLocator.java:69)
      	at org.openqa.selenium.support.pagefactory.internal.LocatingElementHandler.invoke(LocatingElementHandler.java:38)
      	at com.sun.proxy.$Proxy21.isDisplayed(Unknown Source)
      	at org.openqa.selenium.support.ui.ExpectedConditions.elementIfVisible(ExpectedConditions.java:314)
      	at org.openqa.selenium.support.ui.ExpectedConditions.access$000(ExpectedConditions.java:43)
      	at org.openqa.selenium.support.ui.ExpectedConditions$10.apply(ExpectedConditions.java:300)
      	at org.openqa.selenium.support.ui.ExpectedConditions$10.apply(ExpectedConditions.java:297)
      	at org.openqa.selenium.support.ui.FluentWait.until(FluentWait.java:249)
      	at Utilities.BaseClass.WaitUntilElementVisible(BaseClass.java:21)
      	at PageObjects.HomePage.homePageIsDisplayed(HomePage.java:74)
      	at StepDefinitions.LoginSteps.loginPage(LoginSteps.java:29)
      	at java.base/jdk.internal.reflect.NativeMethodAccessorImpl.invoke0(Native Method)
      	at java.base/jdk.internal.reflect.NativeMethodAccessorImpl.invoke(NativeMethodAccessorImpl.java:62)
      	at java.base/jdk.internal.reflect.DelegatingMethodAccessorImpl.invoke(DelegatingMethodAccessorImpl.java:43)
      	at java.base/java.lang.reflect.Method.invoke(Method.java:566)
      	at cucumber.runtime.Utils$1.call(Utils.java:40)
      	at cucumber.runtime.Timeout.timeout(Timeout.java:16)
      	at cucumber.runtime.Utils.invoke(Utils.java:34)
      	at cucumber.runtime.java.JavaStepDefinition.execute(JavaStepDefinition.java:38)
      	at cucumber.runtime.StepDefinitionMatch.runStep(StepDefinitionMatch.java:37)
      	at cucumber.runtime.Runtime.runStep(Runtime.java:300)
      	at cucumber.runtime.model.StepContainer.runStep(StepContainer.java:44)
      	at cucumber.runtime.model.StepContainer.runSteps(StepContainer.java:39)
      	at cucumber.runtime.model.CucumberScenario.run(CucumberScenario.java:44)
      	at cucumber.runtime.junit.ExecutionUnitRunner.run(ExecutionUnitRunner.java:102)
      	at org.junit.runners.Suite.runChild(Suite.java:128)
      	at org.junit.runners.Suite.runChild(Suite.java:27)
      	at org.junit.runners.ParentRunner$4.run(ParentRunner.java:331)
      	at org.junit.runners.ParentRunner$1.schedule(ParentRunner.java:79)
      	at org.junit.runners.ParentRunner.runChildren(ParentRunner.java:329)
      	at org.junit.runners.ParentRunner.access$100(ParentRunner.java:66)
      	at org.junit.runners.ParentRunner$2.evaluate(ParentRunner.java:293)
      	at org.junit.runners.ParentRunner$3.evaluate(ParentRunner.java:306)
      	at org.junit.runners.ParentRunner.run(ParentRunner.java:413)
      	at cucumber.runtime.junit.ExamplesRunner.run(ExamplesRunner.java:59)
      	at org.junit.runners.Suite.runChild(Suite.java:128)
      	at org.junit.runners.Suite.runChild(Suite.java:27)
      	at org.junit.runners.ParentRunner$4.run(ParentRunner.java:331)
      	at org.junit.runners.ParentRunner$1.schedule(ParentRunner.java:79)
      	at org.junit.runners.ParentRunner.runChildren(ParentRunner.java:329)
      	at org.junit.runners.ParentRunner.access$100(ParentRunner.java:66)
      	at org.junit.runners.ParentRunner$2.evaluate(ParentRunner.java:293)
      	at org.junit.runners.ParentRunner$3.evaluate(ParentRunner.java:306)
      	at org.junit.runners.ParentRunner.run(ParentRunner.java:413)
      	at cucumber.runtime.junit.ScenarioOutlineRunner.run(ScenarioOutlineRunner.java:53)
      	at cucumber.runtime.junit.FeatureRunner.runChild(FeatureRunner.java:63)
      	at cucumber.runtime.junit.FeatureRunner.runChild(FeatureRunner.java:18)
      	at org.junit.runners.ParentRunner$4.run(ParentRunner.java:331)
      	at org.junit.runners.ParentRunner$1.schedule(ParentRunner.java:79)
      	at org.junit.runners.ParentRunner.runChildren(ParentRunner.java:329)
      	at org.junit.runners.ParentRunner.access$100(ParentRunner.java:66)
      	at org.junit.runners.ParentRunner$2.evaluate(ParentRunner.java:293)
      	at org.junit.runners.ParentRunner$3.evaluate(ParentRunner.java:306)
      	at org.junit.runners.ParentRunner.run(ParentRunner.java:413)
      	at cucumber.runtime.junit.FeatureRunner.run(FeatureRunner.java:70)
      	at cucumber.api.junit.Cucumber.runChild(Cucumber.java:95)
      	at cucumber.api.junit.Cucumber.runChild(Cucumber.java:38)
      	at org.junit.runners.ParentRunner$4.run(ParentRunner.java:331)
      	at org.junit.runners.ParentRunner$1.schedule(ParentRunner.java:79)
      	at org.junit.runners.ParentRunner.runChildren(ParentRunner.java:329)
      	at org.junit.runners.ParentRunner.access$100(ParentRunner.java:66)
      	at org.junit.runners.ParentRunner$2.evaluate(ParentRunner.java:293)
      	at org.junit.runners.ParentRunner$3.evaluate(ParentRunner.java:306)
      	at org.junit.runners.ParentRunner.run(ParentRunner.java:413)
      	at cucumber.api.junit.Cucumber.run(Cucumber.java:100)
      	at org.apache.maven.surefire.junit4.JUnit4Provider.execute(JUnit4Provider.java:365)
      	at org.apache.maven.surefire.junit4.JUnit4Provider.executeWithRerun(JUnit4Provider.java:273)
      	at org.apache.maven.surefire.junit4.JUnit4Provider.executeTestSet(JUnit4Provider.java:238)
      	at org.apache.maven.surefire.junit4.JUnit4Provider.invoke(JUnit4Provider.java:159)
      	at org.apache.maven.surefire.booter.ForkedBooter.invokeProviderInSameClassLoader(ForkedBooter.java:383)
      	at org.apache.maven.surefire.booter.ForkedBooter.runSuitesInProcess(ForkedBooter.java:344)
      	at org.apache.maven.surefire.booter.ForkedBooter.execute(ForkedBooter.java:125)
      	at org.apache.maven.surefire.booter.ForkedBooter.main(ForkedBooter.java:417)
      &amp#27;[0m
    &amp#27;[36mWhen &amp#27;[0m&amp#27;[36mSubmit email using "&amp#27;[0m&amp#27;[36m&amp#27;[1m&amp#27;[0m&amp#27;[36m" and password using "&amp#27;[0m&amp#27;[36m&amp#27;[1m1234qw&amp#27;[0m&amp#27;[36m"&amp#27;[0m &amp#27;[90m# LoginSteps.submitEmailPassword(String,String)&amp#27;[0m
    &amp#27;[36mThen &amp#27;[0m&amp#27;[36mLogin failed with displaying error message&amp#27;[0m        &amp#27;[90m# LoginSteps.loginFailed()&amp#27;[0m
]]></system-out>
    <system-err><![CDATA[382661 [main] INFO io.github.bonigarcia.wdm.WebDriverManager - Using chromedriver 88.0.4324.96 (since Google Chrome 88 is installed in your machine)
382664 [main] INFO io.github.bonigarcia.wdm.WebDriverManager - Exporting webdriver.chrome.driver as /home/ingrid/.m2/repository/webdriver/chromedriver/linux64/88.0.4324.96/chromedriver
Starting ChromeDriver 88.0.4324.96 (68dba2d8a0b149a1d3afac56fa74648032bcf46b-refs/branch-heads/4324@{#1784}) on port 11400
Only local connections are allowed.
Please see https://chromedriver.chromium.org/security-considerations for suggestions on keeping ChromeDriver safe.
ChromeDriver was started successfully.
abr 11, 2021 9:25:04 PM org.openqa.selenium.remote.ProtocolHandshake createSession
INFORMAÇÕES: Detected dialect: W3C
]]></system-err>
  </testcase>
  <testcase name="| akutest@email.com |  |" classname="| akutest@email.com |  |" time="0.006">
    <error message="Expected condition failed: waiting for visibility of Proxy element for: DefaultElementLocator &apos;By.xpath: //div[@class=&apos;row main-menu-merchant&apos;]//div[@class=&apos;navbar-header&apos;]//a[@class=&apos;navbar-logo&apos;]&apos; (tried for 60 second(s) with 500 milliseconds interval)" type="org.openqa.selenium.TimeoutException">org.openqa.selenium.TimeoutException: Expected condition failed: waiting for visibility of Proxy element for: DefaultElementLocator 'By.xpath: //div[@class='row main-menu-merchant']//div[@class='navbar-header']//a[@class='navbar-logo']' (tried for 60 second(s) with 500 milliseconds interval)
Caused by: org.openqa.selenium.NoSuchElementException: 
no such element: Unable to locate element: {"method":"xpath","selector":"//div[@class='row main-menu-merchant']//div[@class='navbar-header']//a[@class='navbar-logo']"}
  (Session info: headless chrome=88.0.4324.182)
For documentation on this error, please visit: https://www.seleniumhq.org/exceptions/no_such_element.html
Build info: version: '3.141.59', revision: 'e82be7d358', time: '2018-11-14T08:17:03'
System info: host: 'ingrid-Q470C-500P4C', ip: '127.0.1.1', os.name: 'Linux', os.arch: 'amd64', os.version: '4.15.0-140-generic', java.version: '11.0.10'
Driver info: org.openqa.selenium.chrome.ChromeDriver
Capabilities {acceptInsecureCerts: false, browserName: chrome, browserVersion: 88.0.4324.182, chrome: {chromedriverVersion: 88.0.4324.96 (68dba2d8a0b14..., userDataDir: /tmp/.com.google.Chrome.rx5Ipk}, goog:chromeOptions: {debuggerAddress: localhost:37565}, javascriptEnabled: true, networkConnectionEnabled: false, pageLoadStrategy: normal, platform: LINUX, platformName: LINUX, proxy: Proxy(), setWindowRect: true, strictFileInteractability: false, timeouts: {implicit: 0, pageLoad: 300000, script: 30000}, unhandledPromptBehavior: dismiss and notify, webauthn:extension:largeBlob: true, webauthn:virtualAuthenticators: true}
Session ID: e5850a6d1af50db0927fa672be5c6503
*** Element info: {Using=xpath, value=//div[@class='row main-menu-merchant']//div[@class='navbar-header']//a[@class='navbar-logo']}
</error>
  </testcase>
  <testcase name="When Submit email using &quot;akutest@email.com&quot; and password using &quot;&quot;" classname="| akutest@email.com |  |" time="0">
    <skipped/>
  </testcase>
  <testcase name="Then Login failed with displaying error message" classname="| akutest@email.com |  |" time="0">
    <skipped/>
  </testcase>
</testsuite>